3498 4660 3497
2 1
3 1
4 2
4 3
5 4
6 4
7 5
7 6
8 7
9 7
10 8
10 9
11 10
12 10
13 11
13 12
14 13
15 13
16 14
16 15
17 16
18 16
19 17
19 18
20 19
21 19
22 20
22 21
23 22
24 22
25 23
25 24
26 25
27 25
28 26
28 27
29 28
30 28
31 29
31 30
32 31
33 31
34 32
34 33
35 34
36 34
37 35
37 36
38 37
39 37
40 38
40 39
41 40
42 40
43 41
43 42
44 43
45 43
46 44
46 45
47 46
48 46
49 47
49 48
50 49
51 49
52 50
52 51
53 52
54 52
55 53
55 54
56 55
57 55
58 56
58 57
59 58
60 58
61 59
61 60
62 61
63 61
64 62
64 63
65 64
66 64
67 65
67 66
68 67
69 67
70 68
70 69
71 70
72 70
73 71
73 72
74 73
75 73
76 74
76 75
77 76
78 76
79 77
79 78
80 79
81 79
82 80
82 81
83 82
84 82
85 83
85 84
86 85
87 85
88 86
88 87
89 88
90 88
91 89
91 90
92 91
93 91
94 92
94 93
95 94
96 94
97 95
97 96
98 97
99 97
100 98
100 99
101 100
102 100
103 101
103 102
104 103
105 103
106 104
106 105
107 106
108 106
109 107
109 108
110 109
111 109
112 110
112 111
113 112
114 112
115 113
115 114
116 115
117 115
118 116
118 117
119 118
120 118
121 119
121 120
122 121
123 121
124 122
124 123
125 124
126 124
127 125
127 126
128 127
129 127
130 128
130 129
131 130
132 130
133 131
133 132
134 133
135 133
136 134
136 135
137 136
138 136
139 137
139 138
140 139
141 139
142 140
142 141
143 142
144 142
145 143
145 144
146 145
147 145
148 146
148 147
149 148
150 148
151 149
151 150
152 151
153 151
154 152
154 153
155 154
156 154
157 155
157 156
158 157
159 157
160 158
160 159
161 160
162 160
163 161
163 162
164 163
165 163
166 164
166 165
167 166
168 166
169 167
169 168
170 169
171 169
172 170
172 171
173 172
174 172
175 173
175 174
176 175
177 175
178 176
178 177
179 178
180 178
181 179
181 180
182 181
183 181
184 182
184 183
185 184
186 184
187 185
187 186
188 187
189 187
190 188
190 189
191 190
192 190
193 191
193 192
194 193
195 193
196 194
196 195
197 196
198 196
199 197
199 198
200 199
201 199
202 200
202 201
203 202
204 202
205 203
205 204
206 205
207 205
208 206
208 207
209 208
210 208
211 209
211 210
212 211
213 211
214 212
214 213
215 214
216 214
217 215
217 216
218 217
219 217
220 218
220 219
221 220
222 220
223 221
223 222
224 223
225 223
226 224
226 225
227 226
228 226
229 227
229 228
230 229
231 229
232 230
232 231
233 232
234 232
235 233
235 234
236 235
237 235
238 236
238 237
239 238
240 238
241 239
241 240
242 241
243 241
244 242
244 243
245 244
246 244
247 245
247 246
248 247
249 247
250 248
250 249
251 250
252 250
253 251
253 252
254 253
255 253
256 254
256 255
257 256
258 256
259 257
259 258
260 259
261 259
262 260
262 261
263 262
264 262
265 263
265 264
266 265
267 265
268 266
268 267
269 268
270 268
271 269
271 270
272 271
273 271
274 272
274 273
275 274
276 274
277 275
277 276
278 277
279 277
280 278
280 279
281 280
282 280
283 281
283 282
284 283
285 283
286 284
286 285
287 286
288 286
289 287
289 288
290 289
291 289
292 290
292 291
293 292
294 292
295 293
295 294
296 295
297 295
298 296
298 297
299 298
300 298
301 299
301 300
302 301
303 301
304 302
304 303
305 304
306 304
307 305
307 306
308 307
309 307
310 308
310 309
311 310
312 310
313 311
313 312
314 313
315 313
316 314
316 315
317 316
318 316
319 317
319 318
320 319
321 319
322 320
322 321
323 322
324 322
325 323
325 324
326 325
327 325
328 326
328 327
329 328
330 328
331 329
331 330
332 331
333 331
334 332
334 333
335 334
336 334
337 335
337 336
338 337
339 337
340 338
340 339
341 340
342 340
343 341
343 342
344 343
345 343
346 344
346 345
347 346
348 346
349 347
349 348
350 349
351 349
352 350
352 351
353 352
354 352
355 353
355 354
356 355
357 355
358 356
358 357
359 358
360 358
361 359
361 360
362 361
363 361
364 362
364 363
365 364
366 364
367 365
367 366
368 367
369 367
370 368
370 369
371 370
372 370
373 371
373 372
374 373
375 373
376 374
376 375
377 376
378 376
379 377
379 378
380 379
381 379
382 380
382 381
383 382
384 382
385 383
385 384
386 385
387 385
388 386
388 387
389 388
390 388
391 389
391 390
392 391
393 391
394 392
394 393
395 394
396 394
397 395
397 396
398 397
399 397
400 398
400 399
401 400
402 400
403 401
403 402
404 403
405 403
406 404
406 405
407 406
408 406
409 407
409 408
410 409
411 409
412 410
412 411
413 412
414 412
415 413
415 414
416 415
417 415
418 416
418 417
419 418
420 418
421 419
421 420
422 421
423 421
424 422
424 423
425 424
426 424
427 425
427 426
428 427
429 427
430 428
430 429
431 430
432 430
433 431
433 432
434 433
435 433
436 434
436 435
437 436
438 436
439 437
439 438
440 439
441 439
442 440
442 441
443 442
444 442
445 443
445 444
446 445
447 445
448 446
448 447
449 448
450 448
451 449
451 450
452 451
453 451
454 452
454 453
455 454
456 454
457 455
457 456
458 457
459 457
460 458
460 459
461 460
462 460
463 461
463 462
464 463
465 463
466 464
466 465
467 466
468 466
469 467
469 468
470 469
471 469
472 470
472 471
473 472
474 472
475 473
475 474
476 475
477 475
478 476
478 477
479 478
480 478
481 479
481 480
482 481
483 481
484 482
484 483
485 484
486 484
487 485
487 486
488 487
489 487
490 488
490 489
491 490
492 490
493 491
493 492
494 493
495 493
496 494
496 495
497 496
498 496
499 497
499 498
500 499
501 499
502 500
502 501
503 502
504 502
505 503
505 504
506 505
507 505
508 506
508 507
509 508
510 508
511 509
511 510
512 511
513 511
514 512
514 513
515 514
516 514
517 515
517 516
518 517
519 517
520 518
520 519
521 520
522 520
523 521
523 522
524 523
525 523
526 524
526 525
527 526
528 526
529 527
529 528
530 529
531 529
532 530
532 531
533 532
534 532
535 533
535 534
536 535
537 535
538 536
538 537
539 538
540 538
541 539
541 540
542 541
543 541
544 542
544 543
545 544
546 544
547 545
547 546
548 547
549 547
550 548
550 549
551 550
552 550
553 551
553 552
554 553
555 553
556 554
556 555
557 556
558 556
559 557
559 558
560 559
561 559
562 560
562 561
563 562
564 562
565 563
565 564
566 565
567 565
568 566
568 567
569 568
570 568
571 569
571 570
572 571
573 571
574 572
574 573
575 574
576 574
577 575
577 576
578 577
579 577
580 578
580 579
581 580
582 580
583 581
583 582
584 583
585 583
586 584
586 585
587 586
588 586
589 587
589 588
590 589
591 589
592 590
592 591
593 592
594 592
595 593
595 594
596 595
597 595
598 596
598 597
599 598
600 598
601 599
601 600
602 601
603 601
604 602
604 603
605 604
606 604
607 605
607 606
608 607
609 607
610 608
610 609
611 610
612 610
613 611
613 612
614 613
615 613
616 614
616 615
617 616
618 616
619 617
619 618
620 619
621 619
622 620
622 621
623 622
624 622
625 623
625 624
626 625
627 625
628 626
628 627
629 628
630 628
631 629
631 630
632 631
633 631
634 632
634 633
635 634
636 634
637 635
637 636
638 637
639 637
640 638
640 639
641 640
642 640
643 641
643 642
644 643
645 643
646 644
646 645
647 646
648 646
649 647
649 648
650 649
651 649
652 650
652 651
653 652
654 652
655 653
655 654
656 655
657 655
658 656
658 657
659 658
660 658
661 659
661 660
662 661
663 661
664 662
664 663
665 664
666 664
667 665
667 666
668 667
669 667
670 668
670 669
671 670
672 670
673 671
673 672
674 673
675 673
676 674
676 675
677 676
678 676
679 677
679 678
680 679
681 679
682 680
682 681
683 682
684 682
685 683
685 684
686 685
687 685
688 686
688 687
689 688
690 688
691 689
691 690
692 691
693 691
694 692
694 693
695 694
696 694
697 695
697 696
698 697
699 697
700 698
700 699
701 700
702 700
703 701
703 702
704 703
705 703
706 704
706 705
707 706
708 706
709 707
709 708
710 709
711 709
712 710
712 711
713 712
714 712
715 713
715 714
716 715
717 715
718 716
718 717
719 718
720 718
721 719
721 720
722 721
723 721
724 722
724 723
725 724
726 724
727 725
727 726
728 727
729 727
730 728
730 729
731 730
732 730
733 731
733 732
734 733
735 733
736 734
736 735
737 736
738 736
739 737
739 738
740 739
741 739
742 740
742 741
743 742
744 742
745 743
745 744
746 745
747 745
748 746
748 747
749 748
750 748
751 749
751 750
752 751
753 751
754 752
754 753
755 754
756 754
757 755
757 756
758 757
759 757
760 758
760 759
761 760
762 760
763 761
763 762
764 763
765 763
766 764
766 765
767 766
768 766
769 767
769 768
770 769
771 769
772 770
772 771
773 772
774 772
775 773
775 774
776 775
777 775
778 776
778 777
779 778
780 778
781 779
781 780
782 781
783 781
784 782
784 783
785 784
786 784
787 785
787 786
788 787
789 787
790 788
790 789
791 790
792 790
793 791
793 792
794 793
795 793
796 794
796 795
797 796
798 796
799 797
799 798
800 799
801 799
802 800
802 801
803 802
804 802
805 803
805 804
806 805
807 805
808 806
808 807
809 808
810 808
811 809
811 810
812 811
813 811
814 812
814 813
815 814
816 814
817 815
817 816
818 817
819 817
820 818
820 819
821 820
822 820
823 821
823 822
824 823
825 823
826 824
826 825
827 826
828 826
829 827
829 828
830 829
831 829
832 830
832 831
833 832
834 832
835 833
835 834
836 835
837 835
838 836
838 837
839 838
840 838
841 839
841 840
842 841
843 841
844 842
844 843
845 844
846 844
847 845
847 846
848 847
849 847
850 848
850 849
851 850
852 850
853 851
853 852
854 853
855 853
856 854
856 855
857 856
858 856
859 857
859 858
860 859
861 859
862 860
862 861
863 862
864 862
865 863
865 864
866 865
867 865
868 866
868 867
869 868
870 868
871 869
871 870
872 871
873 871
874 872
874 873
875 874
876 874
877 875
877 876
878 877
879 877
880 878
880 879
881 880
882 880
883 881
883 882
884 883
885 883
886 884
886 885
887 886
888 886
889 887
889 888
890 889
891 889
892 890
892 891
893 892
894 892
895 893
895 894
896 895
897 895
898 896
898 897
899 898
900 898
901 899
901 900
902 901
903 901
904 902
904 903
905 904
906 904
907 905
907 906
908 907
909 907
910 908
910 909
911 910
912 910
913 911
913 912
914 913
915 913
916 914
916 915
917 916
918 916
919 917
919 918
920 919
921 919
922 920
922 921
923 922
924 922
925 923
925 924
926 925
927 925
928 926
928 927
929 928
930 928
931 929
931 930
932 931
933 931
934 932
934 933
935 934
936 934
937 935
937 936
938 937
939 937
940 938
940 939
941 940
942 940
943 941
943 942
944 943
945 943
946 944
946 945
947 946
948 946
949 947
949 948
950 949
951 949
952 950
952 951
953 952
954 952
955 953
955 954
956 955
957 955
958 956
958 957
959 958
960 958
961 959
961 960
962 961
963 961
964 962
964 963
965 964
966 964
967 965
967 966
968 967
969 967
970 968
970 969
971 970
972 970
973 971
973 972
974 973
975 973
976 974
976 975
977 976
978 976
979 977
979 978
980 979
981 979
982 980
982 981
983 982
984 982
985 983
985 984
986 985
987 985
988 986
988 987
989 988
990 988
991 989
991 990
992 991
993 991
994 992
994 993
995 994
996 994
997 995
997 996
998 997
999 997
1000 998
1000 999
1001 1000
1002 1000
1003 1001
1003 1002
1004 1003
1005 1003
1006 1004
1006 1005
1007 1006
1008 1006
1009 1007
1009 1008
1010 1009
1011 1009
1012 1010
1012 1011
1013 1012
1014 1012
1015 1013
1015 1014
1016 1015
1017 1015
1018 1016
1018 1017
1019 1018
1020 1018
1021 1019
1021 1020
1022 1021
1023 1021
1024 1022
1024 1023
1025 1024
1026 1024
1027 1025
1027 1026
1028 1027
1029 1027
1030 1028
1030 1029
1031 1030
1032 1030
1033 1031
1033 1032
1034 1033
1035 1033
1036 1034
1036 1035
1037 1036
1038 1036
1039 1037
1039 1038
1040 1039
1041 1039
1042 1040
1042 1041
1043 1042
1044 1042
1045 1043
1045 1044
1046 1045
1047 1045
1048 1046
1048 1047
1049 1048
1050 1048
1051 1049
1051 1050
1052 1051
1053 1051
1054 1052
1054 1053
1055 1054
1056 1054
1057 1055
1057 1056
1058 1057
1059 1057
1060 1058
1060 1059
1061 1060
1062 1060
1063 1061
1063 1062
1064 1063
1065 1063
1066 1064
1066 1065
1067 1066
1068 1066
1069 1067
1069 1068
1070 1069
1071 1069
1072 1070
1072 1071
1073 1072
1074 1072
1075 1073
1075 1074
1076 1075
1077 1075
1078 1076
1078 1077
1079 1078
1080 1078
1081 1079
1081 1080
1082 1081
1083 1081
1084 1082
1084 1083
1085 1084
1086 1084
1087 1085
1087 1086
1088 1087
1089 1087
1090 1088
1090 1089
1091 1090
1092 1090
1093 1091
1093 1092
1094 1093
1095 1093
1096 1094
1096 1095
1097 1096
1098 1096
1099 1097
1099 1098
1100 1099
1101 1099
1102 1100
1102 1101
1103 1102
1104 1102
1105 1103
1105 1104
1106 1105
1107 1105
1108 1106
1108 1107
1109 1108
1110 1108
1111 1109
1111 1110
1112 1111
1113 1111
1114 1112
1114 1113
1115 1114
1116 1114
1117 1115
1117 1116
1118 1117
1119 1117
1120 1118
1120 1119
1121 1120
1122 1120
1123 1121
1123 1122
1124 1123
1125 1123
1126 1124
1126 1125
1127 1126
1128 1126
1129 1127
1129 1128
1130 1129
1131 1129
1132 1130
1132 1131
1133 1132
1134 1132
1135 1133
1135 1134
1136 1135
1137 1135
1138 1136
1138 1137
1139 1138
1140 1138
1141 1139
1141 1140
1142 1141
1143 1141
1144 1142
1144 1143
1145 1144
1146 1144
1147 1145
1147 1146
1148 1147
1149 1147
1150 1148
1150 1149
1151 1150
1152 1150
1153 1151
1153 1152
1154 1153
1155 1153
1156 1154
1156 1155
1157 1156
1158 1156
1159 1157
1159 1158
1160 1159
1161 1159
1162 1160
1162 1161
1163 1162
1164 1162
1165 1163
1165 1164
1166 1165
1167 1165
1168 1166
1168 1167
1169 1168
1170 1168
1171 1169
1171 1170
1172 1171
1173 1171
1174 1172
1174 1173
1175 1174
1176 1174
1177 1175
1177 1176
1178 1177
1179 1177
1180 1178
1180 1179
1181 1180
1182 1180
1183 1181
1183 1182
1184 1183
1185 1183
1186 1184
1186 1185
1187 1186
1188 1186
1189 1187
1189 1188
1190 1189
1191 1189
1192 1190
1192 1191
1193 1192
1194 1192
1195 1193
1195 1194
1196 1195
1197 1195
1198 1196
1198 1197
1199 1198
1200 1198
1201 1199
1201 1200
1202 1201
1203 1201
1204 1202
1204 1203
1205 1204
1206 1204
1207 1205
1207 1206
1208 1207
1209 1207
1210 1208
1210 1209
1211 1210
1212 1210
1213 1211
1213 1212
1214 1213
1215 1213
1216 1214
1216 1215
1217 1216
1218 1216
1219 1217
1219 1218
1220 1219
1221 1219
1222 1220
1222 1221
1223 1222
1224 1222
1225 1223
1225 1224
1226 1225
1227 1225
1228 1226
1228 1227
1229 1228
1230 1228
1231 1229
1231 1230
1232 1231
1233 1231
1234 1232
1234 1233
1235 1234
1236 1234
1237 1235
1237 1236
1238 1237
1239 1237
1240 1238
1240 1239
1241 1240
1242 1240
1243 1241
1243 1242
1244 1243
1245 1243
1246 1244
1246 1245
1247 1246
1248 1246
1249 1247
1249 1248
1250 1249
1251 1249
1252 1250
1252 1251
1253 1252
1254 1252
1255 1253
1255 1254
1256 1255
1257 1255
1258 1256
1258 1257
1259 1258
1260 1258
1261 1259
1261 1260
1262 1261
1263 1261
1264 1262
1264 1263
1265 1264
1266 1264
1267 1265
1267 1266
1268 1267
1269 1267
1270 1268
1270 1269
1271 1270
1272 1270
1273 1271
1273 1272
1274 1273
1275 1273
1276 1274
1276 1275
1277 1276
1278 1276
1279 1277
1279 1278
1280 1279
1281 1279
1282 1280
1282 1281
1283 1282
1284 1282
1285 1283
1285 1284
1286 1285
1287 1285
1288 1286
1288 1287
1289 1288
1290 1288
1291 1289
1291 1290
1292 1291
1293 1291
1294 1292
1294 1293
1295 1294
1296 1294
1297 1295
1297 1296
1298 1297
1299 1297
1300 1298
1300 1299
1301 1300
1302 1300
1303 1301
1303 1302
1304 1303
1305 1303
1306 1304
1306 1305
1307 1306
1308 1306
1309 1307
1309 1308
1310 1309
1311 1309
1312 1310
1312 1311
1313 1312
1314 1312
1315 1313
1315 1314
1316 1315
1317 1315
1318 1316
1318 1317
1319 1318
1320 1318
1321 1319
1321 1320
1322 1321
1323 1321
1324 1322
1324 1323
1325 1324
1326 1324
1327 1325
1327 1326
1328 1327
1329 1327
1330 1328
1330 1329
1331 1330
1332 1330
1333 1331
1333 1332
1334 1333
1335 1333
1336 1334
1336 1335
1337 1336
1338 1336
1339 1337
1339 1338
1340 1339
1341 1339
1342 1340
1342 1341
1343 1342
1344 1342
1345 1343
1345 1344
1346 1345
1347 1345
1348 1346
1348 1347
1349 1348
1350 1348
1351 1349
1351 1350
1352 1351
1353 1351
1354 1352
1354 1353
1355 1354
1356 1354
1357 1355
1357 1356
1358 1357
1359 1357
1360 1358
1360 1359
1361 1360
1362 1360
1363 1361
1363 1362
1364 1363
1365 1363
1366 1364
1366 1365
1367 1366
1368 1366
1369 1367
1369 1368
1370 1369
1371 1369
1372 1370
1372 1371
1373 1372
1374 1372
1375 1373
1375 1374
1376 1375
1377 1375
1378 1376
1378 1377
1379 1378
1380 1378
1381 1379
1381 1380
1382 1381
1383 1381
1384 1382
1384 1383
1385 1384
1386 1384
1387 1385
1387 1386
1388 1387
1389 1387
1390 1388
1390 1389
1391 1390
1392 1390
1393 1391
1393 1392
1394 1393
1395 1393
1396 1394
1396 1395
1397 1396
1398 1396
1399 1397
1399 1398
1400 1399
1401 1399
1402 1400
1402 1401
1403 1402
1404 1402
1405 1403
1405 1404
1406 1405
1407 1405
1408 1406
1408 1407
1409 1408
1410 1408
1411 1409
1411 1410
1412 1411
1413 1411
1414 1412
1414 1413
1415 1414
1416 1414
1417 1415
1417 1416
1418 1417
1419 1417
1420 1418
1420 1419
1421 1420
1422 1420
1423 1421
1423 1422
1424 1423
1425 1423
1426 1424
1426 1425
1427 1426
1428 1426
1429 1427
1429 1428
1430 1429
1431 1429
1432 1430
1432 1431
1433 1432
1434 1432
1435 1433
1435 1434
1436 1435
1437 1435
1438 1436
1438 1437
1439 1438
1440 1438
1441 1439
1441 1440
1442 1441
1443 1441
1444 1442
1444 1443
1445 1444
1446 1444
1447 1445
1447 1446
1448 1447
1449 1447
1450 1448
1450 1449
1451 1450
1452 1450
1453 1451
1453 1452
1454 1453
1455 1453
1456 1454
1456 1455
1457 1456
1458 1456
1459 1457
1459 1458
1460 1459
1461 1459
1462 1460
1462 1461
1463 1462
1464 1462
1465 1463
1465 1464
1466 1465
1467 1465
1468 1466
1468 1467
1469 1468
1470 1468
1471 1469
1471 1470
1472 1471
1473 1471
1474 1472
1474 1473
1475 1474
1476 1474
1477 1475
1477 1476
1478 1477
1479 1477
1480 1478
1480 1479
1481 1480
1482 1480
1483 1481
1483 1482
1484 1483
1485 1483
1486 1484
1486 1485
1487 1486
1488 1486
1489 1487
1489 1488
1490 1489
1491 1489
1492 1490
1492 1491
1493 1492
1494 1492
1495 1493
1495 1494
1496 1495
1497 1495
1498 1496
1498 1497
1499 1498
1500 1498
1501 1499
1501 1500
1502 1501
1503 1501
1504 1502
1504 1503
1505 1504
1506 1504
1507 1505
1507 1506
1508 1507
1509 1507
1510 1508
1510 1509
1511 1510
1512 1510
1513 1511
1513 1512
1514 1513
1515 1513
1516 1514
1516 1515
1517 1516
1518 1516
1519 1517
1519 1518
1520 1519
1521 1519
1522 1520
1522 1521
1523 1522
1524 1522
1525 1523
1525 1524
1526 1525
1527 1525
1528 1526
1528 1527
1529 1528
1530 1528
1531 1529
1531 1530
1532 1531
1533 1531
1534 1532
1534 1533
1535 1534
1536 1534
1537 1535
1537 1536
1538 1537
1539 1537
1540 1538
1540 1539
1541 1540
1542 1540
1543 1541
1543 1542
1544 1543
1545 1543
1546 1544
1546 1545
1547 1546
1548 1546
1549 1547
1549 1548
1550 1549
1551 1549
1552 1550
1552 1551
1553 1552
1554 1552
1555 1553
1555 1554
1556 1555
1557 1555
1558 1556
1558 1557
1559 1558
1560 1558
1561 1559
1561 1560
1562 1561
1563 1561
1564 1562
1564 1563
1565 1564
1566 1564
1567 1565
1567 1566
1568 1567
1569 1567
1570 1568
1570 1569
1571 1570
1572 1570
1573 1571
1573 1572
1574 1573
1575 1573
1576 1574
1576 1575
1577 1576
1578 1576
1579 1577
1579 1578
1580 1579
1581 1579
1582 1580
1582 1581
1583 1582
1584 1582
1585 1583
1585 1584
1586 1585
1587 1585
1588 1586
1588 1587
1589 1588
1590 1588
1591 1589
1591 1590
1592 1591
1593 1591
1594 1592
1594 1593
1595 1594
1596 1594
1597 1595
1597 1596
1598 1597
1599 1597
1600 1598
1600 1599
1601 1600
1602 1600
1603 1601
1603 1602
1604 1603
1605 1603
1606 1604
1606 1605
1607 1606
1608 1606
1609 1607
1609 1608
1610 1609
1611 1609
1612 1610
1612 1611
1613 1612
1614 1612
1615 1613
1615 1614
1616 1615
1617 1615
1618 1616
1618 1617
1619 1618
1620 1618
1621 1619
1621 1620
1622 1621
1623 1621
1624 1622
1624 1623
1625 1624
1626 1624
1627 1625
1627 1626
1628 1627
1629 1627
1630 1628
1630 1629
1631 1630
1632 1630
1633 1631
1633 1632
1634 1633
1635 1633
1636 1634
1636 1635
1637 1636
1638 1636
1639 1637
1639 1638
1640 1639
1641 1639
1642 1640
1642 1641
1643 1642
1644 1642
1645 1643
1645 1644
1646 1645
1647 1645
1648 1646
1648 1647
1649 1648
1650 1648
1651 1649
1651 1650
1652 1651
1653 1651
1654 1652
1654 1653
1655 1654
1656 1654
1657 1655
1657 1656
1658 1657
1659 1657
1660 1658
1660 1659
1661 1660
1662 1660
1663 1661
1663 1662
1664 1663
1665 1663
1666 1664
1666 1665
1667 1666
1668 1666
1669 1667
1669 1668
1670 1669
1671 1669
1672 1670
1672 1671
1673 1672
1674 1672
1675 1673
1675 1674
1676 1675
1677 1675
1678 1676
1678 1677
1679 1678
1680 1678
1681 1679
1681 1680
1682 1681
1683 1681
1684 1682
1684 1683
1685 1684
1686 1684
1687 1685
1687 1686
1688 1687
1689 1687
1690 1688
1690 1689
1691 1690
1692 1690
1693 1691
1693 1692
1694 1693
1695 1693
1696 1694
1696 1695
1697 1696
1698 1696
1699 1697
1699 1698
1700 1699
1701 1699
1702 1700
1702 1701
1703 1702
1704 1702
1705 1703
1705 1704
1706 1705
1707 1705
1708 1706
1708 1707
1709 1708
1710 1708
1711 1709
1711 1710
1712 1711
1713 1711
1714 1712
1714 1713
1715 1714
1716 1714
1717 1715
1717 1716
1718 1717
1719 1717
1720 1718
1720 1719
1721 1720
1722 1720
1723 1721
1723 1722
1724 1723
1725 1723
1726 1724
1726 1725
1727 1726
1728 1726
1729 1727
1729 1728
1730 1729
1731 1729
1732 1730
1732 1731
1733 1732
1734 1732
1735 1733
1735 1734
1736 1735
1737 1735
1738 1736
1738 1737
1739 1738
1740 1738
1741 1739
1741 1740
1742 1741
1743 1741
1744 1742
1744 1743
1745 1744
1746 1744
1747 1745
1747 1746
1748 1747
1749 1747
1750 1748
1750 1749
1751 1750
1752 1750
1753 1751
1753 1752
1754 1753
1755 1753
1756 1754
1756 1755
1757 1756
1758 1756
1759 1757
1759 1758
1760 1759
1761 1759
1762 1760
1762 1761
1763 1762
1764 1762
1765 1763
1765 1764
1766 1765
1767 1765
1768 1766
1768 1767
1769 1768
1770 1768
1771 1769
1771 1770
1772 1771
1773 1771
1774 1772
1774 1773
1775 1774
1776 1774
1777 1775
1777 1776
1778 1777
1779 1777
1780 1778
1780 1779
1781 1780
1782 1780
1783 1781
1783 1782
1784 1783
1785 1783
1786 1784
1786 1785
1787 1786
1788 1786
1789 1787
1789 1788
1790 1789
1791 1789
1792 1790
1792 1791
1793 1792
1794 1792
1795 1793
1795 1794
1796 1795
1797 1795
1798 1796
1798 1797
1799 1798
1800 1798
1801 1799
1801 1800
1802 1801
1803 1801
1804 1802
1804 1803
1805 1804
1806 1804
1807 1805
1807 1806
1808 1807
1809 1807
1810 1808
1810 1809
1811 1810
1812 1810
1813 1811
1813 1812
1814 1813
1815 1813
1816 1814
1816 1815
1817 1816
1818 1816
1819 1817
1819 1818
1820 1819
1821 1819
1822 1820
1822 1821
1823 1822
1824 1822
1825 1823
1825 1824
1826 1825
1827 1825
1828 1826
1828 1827
1829 1828
1830 1828
1831 1829
1831 1830
1832 1831
1833 1831
1834 1832
1834 1833
1835 1834
1836 1834
1837 1835
1837 1836
1838 1837
1839 1837
1840 1838
1840 1839
1841 1840
1842 1840
1843 1841
1843 1842
1844 1843
1845 1843
1846 1844
1846 1845
1847 1846
1848 1846
1849 1847
1849 1848
1850 1849
1851 1849
1852 1850
1852 1851
1853 1852
1854 1852
1855 1853
1855 1854
1856 1855
1857 1855
1858 1856
1858 1857
1859 1858
1860 1858
1861 1859
1861 1860
1862 1861
1863 1861
1864 1862
1864 1863
1865 1864
1866 1864
1867 1865
1867 1866
1868 1867
1869 1867
1870 1868
1870 1869
1871 1870
1872 1870
1873 1871
1873 1872
1874 1873
1875 1873
1876 1874
1876 1875
1877 1876
1878 1876
1879 1877
1879 1878
1880 1879
1881 1879
1882 1880
1882 1881
1883 1882
1884 1882
1885 1883
1885 1884
1886 1885
1887 1885
1888 1886
1888 1887
1889 1888
1890 1888
1891 1889
1891 1890
1892 1891
1893 1891
1894 1892
1894 1893
1895 1894
1896 1894
1897 1895
1897 1896
1898 1897
1899 1897
1900 1898
1900 1899
1901 1900
1902 1900
1903 1901
1903 1902
1904 1903
1905 1903
1906 1904
1906 1905
1907 1906
1908 1906
1909 1907
1909 1908
1910 1909
1911 1909
1912 1910
1912 1911
1913 1912
1914 1912
1915 1913
1915 1914
1916 1915
1917 1915
1918 1916
1918 1917
1919 1918
1920 1918
1921 1919
1921 1920
1922 1921
1923 1921
1924 1922
1924 1923
1925 1924
1926 1924
1927 1925
1927 1926
1928 1927
1929 1927
1930 1928
1930 1929
1931 1930
1932 1930
1933 1931
1933 1932
1934 1933
1935 1933
1936 1934
1936 1935
1937 1936
1938 1936
1939 1937
1939 1938
1940 1939
1941 1939
1942 1940
1942 1941
1943 1942
1944 1942
1945 1943
1945 1944
1946 1945
1947 1945
1948 1946
1948 1947
1949 1948
1950 1948
1951 1949
1951 1950
1952 1951
1953 1951
1954 1952
1954 1953
1955 1954
1956 1954
1957 1955
1957 1956
1958 1957
1959 1957
1960 1958
1960 1959
1961 1960
1962 1960
1963 1961
1963 1962
1964 1963
1965 1963
1966 1964
1966 1965
1967 1966
1968 1966
1969 1967
1969 1968
1970 1969
1971 1969
1972 1970
1972 1971
1973 1972
1974 1972
1975 1973
1975 1974
1976 1975
1977 1975
1978 1976
1978 1977
1979 1978
1980 1978
1981 1979
1981 1980
1982 1981
1983 1981
1984 1982
1984 1983
1985 1984
1986 1984
1987 1985
1987 1986
1988 1987
1989 1987
1990 1988
1990 1989
1991 1990
1992 1990
1993 1991
1993 1992
1994 1993
1995 1993
1996 1994
1996 1995
1997 1996
1998 1996
1999 1997
1999 1998
2000 1999
2001 1999
2002 2000
2002 2001
2003 2002
2004 2002
2005 2003
2005 2004
2006 2005
2007 2005
2008 2006
2008 2007
2009 2008
2010 2008
2011 2009
2011 2010
2012 2011
2013 2011
2014 2012
2014 2013
2015 2014
2016 2014
2017 2015
2017 2016
2018 2017
2019 2017
2020 2018
2020 2019
2021 2020
2022 2020
2023 2021
2023 2022
2024 2023
2025 2023
2026 2024
2026 2025
2027 2026
2028 2026
2029 2027
2029 2028
2030 2029
2031 2029
2032 2030
2032 2031
2033 2032
2034 2032
2035 2033
2035 2034
2036 2035
2037 2035
2038 2036
2038 2037
2039 2038
2040 2038
2041 2039
2041 2040
2042 2041
2043 2041
2044 2042
2044 2043
2045 2044
2046 2044
2047 2045
2047 2046
2048 2047
2049 2047
2050 2048
2050 2049
2051 2050
2052 2050
2053 2051
2053 2052
2054 2053
2055 2053
2056 2054
2056 2055
2057 2056
2058 2056
2059 2057
2059 2058
2060 2059
2061 2059
2062 2060
2062 2061
2063 2062
2064 2062
2065 2063
2065 2064
2066 2065
2067 2065
2068 2066
2068 2067
2069 2068
2070 2068
2071 2069
2071 2070
2072 2071
2073 2071
2074 2072
2074 2073
2075 2074
2076 2074
2077 2075
2077 2076
2078 2077
2079 2077
2080 2078
2080 2079
2081 2080
2082 2080
2083 2081
2083 2082
2084 2083
2085 2083
2086 2084
2086 2085
2087 2086
2088 2086
2089 2087
2089 2088
2090 2089
2091 2089
2092 2090
2092 2091
2093 2092
2094 2092
2095 2093
2095 2094
2096 2095
2097 2095
2098 2096
2098 2097
2099 2098
2100 2098
2101 2099
2101 2100
2102 2101
2103 2101
2104 2102
2104 2103
2105 2104
2106 2104
2107 2105
2107 2106
2108 2107
2109 2107
2110 2108
2110 2109
2111 2110
2112 2110
2113 2111
2113 2112
2114 2113
2115 2113
2116 2114
2116 2115
2117 2116
2118 2116
2119 2117
2119 2118
2120 2119
2121 2119
2122 2120
2122 2121
2123 2122
2124 2122
2125 2123
2125 2124
2126 2125
2127 2125
2128 2126
2128 2127
2129 2128
2130 2128
2131 2129
2131 2130
2132 2131
2133 2131
2134 2132
2134 2133
2135 2134
2136 2134
2137 2135
2137 2136
2138 2137
2139 2137
2140 2138
2140 2139
2141 2140
2142 2140
2143 2141
2143 2142
2144 2143
2145 2143
2146 2144
2146 2145
2147 2146
2148 2146
2149 2147
2149 2148
2150 2149
2151 2149
2152 2150
2152 2151
2153 2152
2154 2152
2155 2153
2155 2154
2156 2155
2157 2155
2158 2156
2158 2157
2159 2158
2160 2158
2161 2159
2161 2160
2162 2161
2163 2161
2164 2162
2164 2163
2165 2164
2166 2164
2167 2165
2167 2166
2168 2167
2169 2167
2170 2168
2170 2169
2171 2170
2172 2170
2173 2171
2173 2172
2174 2173
2175 2173
2176 2174
2176 2175
2177 2176
2178 2176
2179 2177
2179 2178
2180 2179
2181 2179
2182 2180
2182 2181
2183 2182
2184 2182
2185 2183
2185 2184
2186 2185
2187 2185
2188 2186
2188 2187
2189 2188
2190 2188
2191 2189
2191 2190
2192 2191
2193 2191
2194 2192
2194 2193
2195 2194
2196 2194
2197 2195
2197 2196
2198 2197
2199 2197
2200 2198
2200 2199
2201 2200
2202 2200
2203 2201
2203 2202
2204 2203
2205 2203
2206 2204
2206 2205
2207 2206
2208 2206
2209 2207
2209 2208
2210 2209
2211 2209
2212 2210
2212 2211
2213 2212
2214 2212
2215 2213
2215 2214
2216 2215
2217 2215
2218 2216
2218 2217
2219 2218
2220 2218
2221 2219
2221 2220
2222 2221
2223 2221
2224 2222
2224 2223
2225 2224
2226 2224
2227 2225
2227 2226
2228 2227
2229 2227
2230 2228
2230 2229
2231 2230
2232 2230
2233 2231
2233 2232
2234 2233
2235 2233
2236 2234
2236 2235
2237 2236
2238 2236
2239 2237
2239 2238
2240 2239
2241 2239
2242 2240
2242 2241
2243 2242
2244 2242
2245 2243
2245 2244
2246 2245
2247 2245
2248 2246
2248 2247
2249 2248
2250 2248
2251 2249
2251 2250
2252 2251
2253 2251
2254 2252
2254 2253
2255 2254
2256 2254
2257 2255
2257 2256
2258 2257
2259 2257
2260 2258
2260 2259
2261 2260
2262 2260
2263 2261
2263 2262
2264 2263
2265 2263
2266 2264
2266 2265
2267 2266
2268 2266
2269 2267
2269 2268
2270 2269
2271 2269
2272 2270
2272 2271
2273 2272
2274 2272
2275 2273
2275 2274
2276 2275
2277 2275
2278 2276
2278 2277
2279 2278
2280 2278
2281 2279
2281 2280
2282 2281
2283 2281
2284 2282
2284 2283
2285 2284
2286 2284
2287 2285
2287 2286
2288 2287
2289 2287
2290 2288
2290 2289
2291 2290
2292 2290
2293 2291
2293 2292
2294 2293
2295 2293
2296 2294
2296 2295
2297 2296
2298 2296
2299 2297
2299 2298
2300 2299
2301 2299
2302 2300
2302 2301
2303 2302
2304 2302
2305 2303
2305 2304
2306 2305
2307 2305
2308 2306
2308 2307
2309 2308
2310 2308
2311 2309
2311 2310
2312 2311
2313 2311
2314 2312
2314 2313
2315 2314
2316 2314
2317 2315
2317 2316
2318 2317
2319 2317
2320 2318
2320 2319
2321 2320
2322 2320
2323 2321
2323 2322
2324 2323
2325 2323
2326 2324
2326 2325
2327 2326
2328 2326
2329 2327
2329 2328
2330 2329
2331 2329
2332 2330
2332 2331
2333 2332
2334 2332
2335 2333
2335 2334
2336 2335
2337 2335
2338 2336
2338 2337
2339 2338
2340 2338
2341 2339
2341 2340
2342 2341
2343 2341
2344 2342
2344 2343
2345 2344
2346 2344
2347 2345
2347 2346
2348 2347
2349 2347
2350 2348
2350 2349
2351 2350
2352 2350
2353 2351
2353 2352
2354 2353
2355 2353
2356 2354
2356 2355
2357 2356
2358 2356
2359 2357
2359 2358
2360 2359
2361 2359
2362 2360
2362 2361
2363 2362
2364 2362
2365 2363
2365 2364
2366 2365
2367 2365
2368 2366
2368 2367
2369 2368
2370 2368
2371 2369
2371 2370
2372 2371
2373 2371
2374 2372
2374 2373
2375 2374
2376 2374
2377 2375
2377 2376
2378 2377
2379 2377
2380 2378
2380 2379
2381 2380
2382 2380
2383 2381
2383 2382
2384 2383
2385 2383
2386 2384
2386 2385
2387 2386
2388 2386
2389 2387
2389 2388
2390 2389
2391 2389
2392 2390
2392 2391
2393 2392
2394 2392
2395 2393
2395 2394
2396 2395
2397 2395
2398 2396
2398 2397
2399 2398
2400 2398
2401 2399
2401 2400
2402 2401
2403 2401
2404 2402
2404 2403
2405 2404
2406 2404
2407 2405
2407 2406
2408 2407
2409 2407
2410 2408
2410 2409
2411 2410
2412 2410
2413 2411
2413 2412
2414 2413
2415 2413
2416 2414
2416 2415
2417 2416
2418 2416
2419 2417
2419 2418
2420 2419
2421 2419
2422 2420
2422 2421
2423 2422
2424 2422
2425 2423
2425 2424
2426 2425
2427 2425
2428 2426
2428 2427
2429 2428
2430 2428
2431 2429
2431 2430
2432 2431
2433 2431
2434 2432
2434 2433
2435 2434
2436 2434
2437 2435
2437 2436
2438 2437
2439 2437
2440 2438
2440 2439
2441 2440
2442 2440
2443 2441
2443 2442
2444 2443
2445 2443
2446 2444
2446 2445
2447 2446
2448 2446
2449 2447
2449 2448
2450 2449
2451 2449
2452 2450
2452 2451
2453 2452
2454 2452
2455 2453
2455 2454
2456 2455
2457 2455
2458 2456
2458 2457
2459 2458
2460 2458
2461 2459
2461 2460
2462 2461
2463 2461
2464 2462
2464 2463
2465 2464
2466 2464
2467 2465
2467 2466
2468 2467
2469 2467
2470 2468
2470 2469
2471 2470
2472 2470
2473 2471
2473 2472
2474 2473
2475 2473
2476 2474
2476 2475
2477 2476
2478 2476
2479 2477
2479 2478
2480 2479
2481 2479
2482 2480
2482 2481
2483 2482
2484 2482
2485 2483
2485 2484
2486 2485
2487 2485
2488 2486
2488 2487
2489 2488
2490 2488
2491 2489
2491 2490
2492 2491
2493 2491
2494 2492
2494 2493
2495 2494
2496 2494
2497 2495
2497 2496
2498 2497
2499 2497
2500 2498
2500 2499
2501 2500
2502 2500
2503 2501
2503 2502
2504 2503
2505 2503
2506 2504
2506 2505
2507 2506
2508 2506
2509 2507
2509 2508
2510 2509
2511 2509
2512 2510
2512 2511
2513 2512
2514 2512
2515 2513
2515 2514
2516 2515
2517 2515
2518 2516
2518 2517
2519 2518
2520 2518
2521 2519
2521 2520
2522 2521
2523 2521
2524 2522
2524 2523
2525 2524
2526 2524
2527 2525
2527 2526
2528 2527
2529 2527
2530 2528
2530 2529
2531 2530
2532 2530
2533 2531
2533 2532
2534 2533
2535 2533
2536 2534
2536 2535
2537 2536
2538 2536
2539 2537
2539 2538
2540 2539
2541 2539
2542 2540
2542 2541
2543 2542
2544 2542
2545 2543
2545 2544
2546 2545
2547 2545
2548 2546
2548 2547
2549 2548
2550 2548
2551 2549
2551 2550
2552 2551
2553 2551
2554 2552
2554 2553
2555 2554
2556 2554
2557 2555
2557 2556
2558 2557
2559 2557
2560 2558
2560 2559
2561 2560
2562 2560
2563 2561
2563 2562
2564 2563
2565 2563
2566 2564
2566 2565
2567 2566
2568 2566
2569 2567
2569 2568
2570 2569
2571 2569
2572 2570
2572 2571
2573 2572
2574 2572
2575 2573
2575 2574
2576 2575
2577 2575
2578 2576
2578 2577
2579 2578
2580 2578
2581 2579
2581 2580
2582 2581
2583 2581
2584 2582
2584 2583
2585 2584
2586 2584
2587 2585
2587 2586
2588 2587
2589 2587
2590 2588
2590 2589
2591 2590
2592 2590
2593 2591
2593 2592
2594 2593
2595 2593
2596 2594
2596 2595
2597 2596
2598 2596
2599 2597
2599 2598
2600 2599
2601 2599
2602 2600
2602 2601
2603 2602
2604 2602
2605 2603
2605 2604
2606 2605
2607 2605
2608 2606
2608 2607
2609 2608
2610 2608
2611 2609
2611 2610
2612 2611
2613 2611
2614 2612
2614 2613
2615 2614
2616 2614
2617 2615
2617 2616
2618 2617
2619 2617
2620 2618
2620 2619
2621 2620
2622 2620
2623 2621
2623 2622
2624 2623
2625 2623
2626 2624
2626 2625
2627 2626
2628 2626
2629 2627
2629 2628
2630 2629
2631 2629
2632 2630
2632 2631
2633 2632
2634 2632
2635 2633
2635 2634
2636 2635
2637 2635
2638 2636
2638 2637
2639 2638
2640 2638
2641 2639
2641 2640
2642 2641
2643 2641
2644 2642
2644 2643
2645 2644
2646 2644
2647 2645
2647 2646
2648 2647
2649 2647
2650 2648
2650 2649
2651 2650
2652 2650
2653 2651
2653 2652
2654 2653
2655 2653
2656 2654
2656 2655
2657 2656
2658 2656
2659 2657
2659 2658
2660 2659
2661 2659
2662 2660
2662 2661
2663 2662
2664 2662
2665 2663
2665 2664
2666 2665
2667 2665
2668 2666
2668 2667
2669 2668
2670 2668
2671 2669
2671 2670
2672 2671
2673 2671
2674 2672
2674 2673
2675 2674
2676 2674
2677 2675
2677 2676
2678 2677
2679 2677
2680 2678
2680 2679
2681 2680
2682 2680
2683 2681
2683 2682
2684 2683
2685 2683
2686 2684
2686 2685
2687 2686
2688 2686
2689 2687
2689 2688
2690 2689
2691 2689
2692 2690
2692 2691
2693 2692
2694 2692
2695 2693
2695 2694
2696 2695
2697 2695
2698 2696
2698 2697
2699 2698
2700 2698
2701 2699
2701 2700
2702 2701
2703 2701
2704 2702
2704 2703
2705 2704
2706 2704
2707 2705
2707 2706
2708 2707
2709 2707
2710 2708
2710 2709
2711 2710
2712 2710
2713 2711
2713 2712
2714 2713
2715 2713
2716 2714
2716 2715
2717 2716
2718 2716
2719 2717
2719 2718
2720 2719
2721 2719
2722 2720
2722 2721
2723 2722
2724 2722
2725 2723
2725 2724
2726 2725
2727 2725
2728 2726
2728 2727
2729 2728
2730 2728
2731 2729
2731 2730
2732 2731
2733 2731
2734 2732
2734 2733
2735 2734
2736 2734
2737 2735
2737 2736
2738 2737
2739 2737
2740 2738
2740 2739
2741 2740
2742 2740
2743 2741
2743 2742
2744 2743
2745 2743
2746 2744
2746 2745
2747 2746
2748 2746
2749 2747
2749 2748
2750 2749
2751 2749
2752 2750
2752 2751
2753 2752
2754 2752
2755 2753
2755 2754
2756 2755
2757 2755
2758 2756
2758 2757
2759 2758
2760 2758
2761 2759
2761 2760
2762 2761
2763 2761
2764 2762
2764 2763
2765 2764
2766 2764
2767 2765
2767 2766
2768 2767
2769 2767
2770 2768
2770 2769
2771 2770
2772 2770
2773 2771
2773 2772
2774 2773
2775 2773
2776 2774
2776 2775
2777 2776
2778 2776
2779 2777
2779 2778
2780 2779
2781 2779
2782 2780
2782 2781
2783 2782
2784 2782
2785 2783
2785 2784
2786 2785
2787 2785
2788 2786
2788 2787
2789 2788
2790 2788
2791 2789
2791 2790
2792 2791
2793 2791
2794 2792
2794 2793
2795 2794
2796 2794
2797 2795
2797 2796
2798 2797
2799 2797
2800 2798
2800 2799
2801 2800
2802 2800
2803 2801
2803 2802
2804 2803
2805 2803
2806 2804
2806 2805
2807 2806
2808 2806
2809 2807
2809 2808
2810 2809
2811 2809
2812 2810
2812 2811
2813 2812
2814 2812
2815 2813
2815 2814
2816 2815
2817 2815
2818 2816
2818 2817
2819 2818
2820 2818
2821 2819
2821 2820
2822 2821
2823 2821
2824 2822
2824 2823
2825 2824
2826 2824
2827 2825
2827 2826
2828 2827
2829 2827
2830 2828
2830 2829
2831 2830
2832 2830
2833 2831
2833 2832
2834 2833
2835 2833
2836 2834
2836 2835
2837 2836
2838 2836
2839 2837
2839 2838
2840 2839
2841 2839
2842 2840
2842 2841
2843 2842
2844 2842
2845 2843
2845 2844
2846 2845
2847 2845
2848 2846
2848 2847
2849 2848
2850 2848
2851 2849
2851 2850
2852 2851
2853 2851
2854 2852
2854 2853
2855 2854
2856 2854
2857 2855
2857 2856
2858 2857
2859 2857
2860 2858
2860 2859
2861 2860
2862 2860
2863 2861
2863 2862
2864 2863
2865 2863
2866 2864
2866 2865
2867 2866
2868 2866
2869 2867
2869 2868
2870 2869
2871 2869
2872 2870
2872 2871
2873 2872
2874 2872
2875 2873
2875 2874
2876 2875
2877 2875
2878 2876
2878 2877
2879 2878
2880 2878
2881 2879
2881 2880
2882 2881
2883 2881
2884 2882
2884 2883
2885 2884
2886 2884
2887 2885
2887 2886
2888 2887
2889 2887
2890 2888
2890 2889
2891 2890
2892 2890
2893 2891
2893 2892
2894 2893
2895 2893
2896 2894
2896 2895
2897 2896
2898 2896
2899 2897
2899 2898
2900 2899
2901 2899
2902 2900
2902 2901
2903 2902
2904 2902
2905 2903
2905 2904
2906 2905
2907 2905
2908 2906
2908 2907
2909 2908
2910 2908
2911 2909
2911 2910
2912 2911
2913 2911
2914 2912
2914 2913
2915 2914
2916 2914
2917 2915
2917 2916
2918 2917
2919 2917
2920 2918
2920 2919
2921 2920
2922 2920
2923 2921
2923 2922
2924 2923
2925 2923
2926 2924
2926 2925
2927 2926
2928 2926
2929 2927
2929 2928
2930 2929
2931 2929
2932 2930
2932 2931
2933 2932
2934 2932
2935 2933
2935 2934
2936 2935
2937 2935
2938 2936
2938 2937
2939 2938
2940 2938
2941 2939
2941 2940
2942 2941
2943 2941
2944 2942
2944 2943
2945 2944
2946 2944
2947 2945
2947 2946
2948 2947
2949 2947
2950 2948
2950 2949
2951 2950
2952 2950
2953 2951
2953 2952
2954 2953
2955 2953
2956 2954
2956 2955
2957 2956
2958 2956
2959 2957
2959 2958
2960 2959
2961 2959
2962 2960
2962 2961
2963 2962
2964 2962
2965 2963
2965 2964
2966 2965
2967 2965
2968 2966
2968 2967
2969 2968
2970 2968
2971 2969
2971 2970
2972 2971
2973 2971
2974 2972
2974 2973
2975 2974
2976 2974
2977 2975
2977 2976
2978 2977
2979 2977
2980 2978
2980 2979
2981 2980
2982 2980
2983 2981
2983 2982
2984 2983
2985 2983
2986 2984
2986 2985
2987 2986
2988 2986
2989 2987
2989 2988
2990 2989
2991 2989
2992 2990
2992 2991
2993 2992
2994 2992
2995 2993
2995 2994
2996 2995
2997 2995
2998 2996
2998 2997
2999 2998
3000 2998
3001 2999
3001 3000
3002 3001
3003 3001
3004 3002
3004 3003
3005 3004
3006 3004
3007 3005
3007 3006
3008 3007
3009 3007
3010 3008
3010 3009
3011 3010
3012 3010
3013 3011
3013 3012
3014 3013
3015 3013
3016 3014
3016 3015
3017 3016
3018 3016
3019 3017
3019 3018
3020 3019
3021 3019
3022 3020
3022 3021
3023 3022
3024 3022
3025 3023
3025 3024
3026 3025
3027 3025
3028 3026
3028 3027
3029 3028
3030 3028
3031 3029
3031 3030
3032 3031
3033 3031
3034 3032
3034 3033
3035 3034
3036 3034
3037 3035
3037 3036
3038 3037
3039 3037
3040 3038
3040 3039
3041 3040
3042 3040
3043 3041
3043 3042
3044 3043
3045 3043
3046 3044
3046 3045
3047 3046
3048 3046
3049 3047
3049 3048
3050 3049
3051 3049
3052 3050
3052 3051
3053 3052
3054 3052
3055 3053
3055 3054
3056 3055
3057 3055
3058 3056
3058 3057
3059 3058
3060 3058
3061 3059
3061 3060
3062 3061
3063 3061
3064 3062
3064 3063
3065 3064
3066 3064
3067 3065
3067 3066
3068 3067
3069 3067
3070 3068
3070 3069
3071 3070
3072 3070
3073 3071
3073 3072
3074 3073
3075 3073
3076 3074
3076 3075
3077 3076
3078 3076
3079 3077
3079 3078
3080 3079
3081 3079
3082 3080
3082 3081
3083 3082
3084 3082
3085 3083
3085 3084
3086 3085
3087 3085
3088 3086
3088 3087
3089 3088
3090 3088
3091 3089
3091 3090
3092 3091
3093 3091
3094 3092
3094 3093
3095 3094
3096 3094
3097 3095
3097 3096
3098 3097
3099 3097
3100 3098
3100 3099
3101 3100
3102 3100
3103 3101
3103 3102
3104 3103
3105 3103
3106 3104
3106 3105
3107 3106
3108 3106
3109 3107
3109 3108
3110 3109
3111 3109
3112 3110
3112 3111
3113 3112
3114 3112
3115 3113
3115 3114
3116 3115
3117 3115
3118 3116
3118 3117
3119 3118
3120 3118
3121 3119
3121 3120
3122 3121
3123 3121
3124 3122
3124 3123
3125 3124
3126 3124
3127 3125
3127 3126
3128 3127
3129 3127
3130 3128
3130 3129
3131 3130
3132 3130
3133 3131
3133 3132
3134 3133
3135 3133
3136 3134
3136 3135
3137 3136
3138 3136
3139 3137
3139 3138
3140 3139
3141 3139
3142 3140
3142 3141
3143 3142
3144 3142
3145 3143
3145 3144
3146 3145
3147 3145
3148 3146
3148 3147
3149 3148
3150 3148
3151 3149
3151 3150
3152 3151
3153 3151
3154 3152
3154 3153
3155 3154
3156 3154
3157 3155
3157 3156
3158 3157
3159 3157
3160 3158
3160 3159
3161 3160
3162 3160
3163 3161
3163 3162
3164 3163
3165 3163
3166 3164
3166 3165
3167 3166
3168 3166
3169 3167
3169 3168
3170 3169
3171 3169
3172 3170
3172 3171
3173 3172
3174 3172
3175 3173
3175 3174
3176 3175
3177 3175
3178 3176
3178 3177
3179 3178
3180 3178
3181 3179
3181 3180
3182 3181
3183 3181
3184 3182
3184 3183
3185 3184
3186 3184
3187 3185
3187 3186
3188 3187
3189 3187
3190 3188
3190 3189
3191 3190
3192 3190
3193 3191
3193 3192
3194 3193
3195 3193
3196 3194
3196 3195
3197 3196
3198 3196
3199 3197
3199 3198
3200 3199
3201 3199
3202 3200
3202 3201
3203 3202
3204 3202
3205 3203
3205 3204
3206 3205
3207 3205
3208 3206
3208 3207
3209 3208
3210 3208
3211 3209
3211 3210
3212 3211
3213 3211
3214 3212
3214 3213
3215 3214
3216 3214
3217 3215
3217 3216
3218 3217
3219 3217
3220 3218
3220 3219
3221 3220
3222 3220
3223 3221
3223 3222
3224 3223
3225 3223
3226 3224
3226 3225
3227 3226
3228 3226
3229 3227
3229 3228
3230 3229
3231 3229
3232 3230
3232 3231
3233 3232
3234 3232
3235 3233
3235 3234
3236 3235
3237 3235
3238 3236
3238 3237
3239 3238
3240 3238
3241 3239
3241 3240
3242 3241
3243 3241
3244 3242
3244 3243
3245 3244
3246 3244
3247 3245
3247 3246
3248 3247
3249 3247
3250 3248
3250 3249
3251 3250
3252 3250
3253 3251
3253 3252
3254 3253
3255 3253
3256 3254
3256 3255
3257 3256
3258 3256
3259 3257
3259 3258
3260 3259
3261 3259
3262 3260
3262 3261
3263 3262
3264 3262
3265 3263
3265 3264
3266 3265
3267 3265
3268 3266
3268 3267
3269 3268
3270 3268
3271 3269
3271 3270
3272 3271
3273 3271
3274 3272
3274 3273
3275 3274
3276 3274
3277 3275
3277 3276
3278 3277
3279 3277
3280 3278
3280 3279
3281 3280
3282 3280
3283 3281
3283 3282
3284 3283
3285 3283
3286 3284
3286 3285
3287 3286
3288 3286
3289 3287
3289 3288
3290 3289
3291 3289
3292 3290
3292 3291
3293 3292
3294 3292
3295 3293
3295 3294
3296 3295
3297 3295
3298 3296
3298 3297
3299 3298
3300 3298
3301 3299
3301 3300
3302 3301
3303 3301
3304 3302
3304 3303
3305 3304
3306 3304
3307 3305
3307 3306
3308 3307
3309 3307
3310 3308
3310 3309
3311 3310
3312 3310
3313 3311
3313 3312
3314 3313
3315 3313
3316 3314
3316 3315
3317 3316
3318 3316
3319 3317
3319 3318
3320 3319
3321 3319
3322 3320
3322 3321
3323 3322
3324 3322
3325 3323
3325 3324
3326 3325
3327 3325
3328 3326
3328 3327
3329 3328
3330 3328
3331 3329
3331 3330
3332 3331
3333 3331
3334 3332
3334 3333
3335 3334
3336 3334
3337 3335
3337 3336
3338 3337
3339 3337
3340 3338
3340 3339
3341 3340
3342 3340
3343 3341
3343 3342
3344 3343
3345 3343
3346 3344
3346 3345
3347 3346
3348 3346
3349 3347
3349 3348
3350 3349
3351 3349
3352 3350
3352 3351
3353 3352
3354 3352
3355 3353
3355 3354
3356 3355
3357 3355
3358 3356
3358 3357
3359 3358
3360 3358
3361 3359
3361 3360
3362 3361
3363 3361
3364 3362
3364 3363
3365 3364
3366 3364
3367 3365
3367 3366
3368 3367
3369 3367
3370 3368
3370 3369
3371 3370
3372 3370
3373 3371
3373 3372
3374 3373
3375 3373
3376 3374
3376 3375
3377 3376
3378 3376
3379 3377
3379 3378
3380 3379
3381 3379
3382 3380
3382 3381
3383 3382
3384 3382
3385 3383
3385 3384
3386 3385
3387 3385
3388 3386
3388 3387
3389 3388
3390 3388
3391 3389
3391 3390
3392 3391
3393 3391
3394 3392
3394 3393
3395 3394
3396 3394
3397 3395
3397 3396
3398 3397
3399 3397
3400 3398
3400 3399
3401 3400
3402 3400
3403 3401
3403 3402
3404 3403
3405 3403
3406 3404
3406 3405
3407 3406
3408 3406
3409 3407
3409 3408
3410 3409
3411 3409
3412 3410
3412 3411
3413 3412
3414 3412
3415 3413
3415 3414
3416 3415
3417 3415
3418 3416
3418 3417
3419 3418
3420 3418
3421 3419
3421 3420
3422 3421
3423 3421
3424 3422
3424 3423
3425 3424
3426 3424
3427 3425
3427 3426
3428 3427
3429 3427
3430 3428
3430 3429
3431 3430
3432 3430
3433 3431
3433 3432
3434 3433
3435 3433
3436 3434
3436 3435
3437 3436
3438 3436
3439 3437
3439 3438
3440 3439
3441 3439
3442 3440
3442 3441
3443 3442
3444 3442
3445 3443
3445 3444
3446 3445
3447 3445
3448 3446
3448 3447
3449 3448
3450 3448
3451 3449
3451 3450
3452 3451
3453 3451
3454 3452
3454 3453
3455 3454
3456 3454
3457 3455
3457 3456
3458 3457
3459 3457
3460 3458
3460 3459
3461 3460
3462 3460
3463 3461
3463 3462
3464 3463
3465 3463
3466 3464
3466 3465
3467 3466
3468 3466
3469 3467
3469 3468
3470 3469
3471 3469
3472 3470
3472 3471
3473 3472
3474 3472
3475 3473
3475 3474
3476 3475
3477 3475
3478 3476
3478 3477
3479 3478
3480 3478
3481 3479
3481 3480
3482 3481
3483 3481
3484 3482
3484 3483
3485 3484
3486 3484
3487 3485
3487 3486
3488 3487
3489 3487
3490 3488
3490 3489
3491 3490
3492 3490
3493 3491
3493 3492
3494 3493
3495 3493
3496 3494
3496 3495
